11
STRG.1.1 gene=STRG.1 16 [31053] ATCGCGACTTT
STRG.1.1 gene=STRG.1 17 [31054] TCGCGACTTTG
STRG.1.1 gene=STRG.1 24 [33499, 55354] TTTGTGTGTGT
STRG.1.1 gene=STRG.1 26 [23396] TGTGTGTGTTA
STRG.1.1 gene=STRG.1 60 [15425] GCTAATAATAT
STRG.1.1 gene=STRG.1 61 [15426] CTAATAATATT
STRG.1.1 gene=STRG.1 83 [67759] ATAAAACAGAT
STRG.1.1 gene=STRG.1 126 [5844] TCTGTGTGTTC
STRG.1.1 gene=STRG.1 158 [20089] TTTATTCTCAT
STRG.1.1 gene=STRG.1 186 [84311] AGAACAGTGCG
STRG.1.1 gene=STRG.1 201 [98071] TTTCTCAACAT
STRG.1.1 gene=STRG.1 214 [67157] GAATACATACA
STRG.1.1 gene=STRG.1 238 [30028] TGGTGAGCAAA
STRG.1.1 gene=STRG.1 255 [21634] AGTTCAAAAAA
STRG.1.1 gene=STRG.1 257 [20939] TTCAAAAAATT
STRG.1.1 gene=STRG.1 314 [51056] GAATAAATACG
STRG.1.1 gene=STRG.1 339 [30642] ACATATTTATT
STRG.1.1 gene=STRG.1 360 [95781] AACCCACCACA
STRG.1.1 gene=STRG.1 361 [95782] ACCCACCACAA
STRG.1.1 gene=STRG.1 373 [3926] AGCATAACCAA
STRG.1.1 gene=STRG.1 400 [37882] CAGAGGAAAAG
STRG.1.1 gene=STRG.1 407 [98799] AAAGGGCAGCA
STRG.1.1 gene=STRG.1 412 [42964] GCAGCAGCCCA
STRG.1.1 gene=STRG.1 450 [66890] ACCTTTTTGCT
STRG.1.1 gene=STRG.1 476 [95205] CAGCATGGCTT
STRG.1.1 gene=STRG.1 477 [95206] AGCATGGCTTT
STRG.1.1 gene=STRG.1 553 [21868] AGGGGCTTTAA
STRG.1.1 gene=STRG.1 580 [21133] CGGAGTTGAAT
STRG.1.1 gene=STRG.1 581 [21134] GGAGTTGAATT
STRG.1.1 gene=STRG.1 582 [21135] GAGTTGAATTG
STRG.1.1 gene=STRG.1 583 [76795] AGTTGAATTGT
STRG.1.1 gene=STRG.1 584 [76796] GTTGAATTGTA
STRG.1.1 gene=STRG.1 585 [85958] TTGAATTGTAC
STRG.1.1 gene=STRG.1 605 [52058] ACTTTGTTAAA
STRG.1.1 gene=STRG.1 606 [52059] CTTTGTTAAAC
STRG.1.1 gene=STRG.1 607 [52060] TTTGTTAAACA
STRG.1.1 gene=STRG.1 672 [26390] GCATACTTTCG
STRG.1.1 gene=STRG.1 687 [73989] CGGCAGCGAAT
STRG.1.1 gene=STRG.1 689 [19240] GCAGCGAATCA
STRG.1.1 gene=STRG.1 698 [57694] CAATTAATTCT
STRG.1.1 gene=STRG.1 717 [27063, 27072, 27081] CAGTTGGAGCA
STRG.1.1 gene=STRG.1 821 [4821] GGAACAGAAGG
STRG.1.1 gene=STRG.1 860 [96031] ACATTTACCAT
STRG.1.1 gene=STRG.1 950 [41194] TCAATCCGCCA
STRG.1.1 gene=STRG.1 951 [41195] CAATCCGCCAA
STRG.1.1 gene=STRG.1 988 [91686] AGTTGCATACA
STRG.1.1 gene=STRG.1 989 [91687] GTTGCATACAA
STRG.1.1 gene=STRG.1 1008 [11041] TTTGTGTTTTG
STRG.1.1 gene=STRG.1 1034 [79967] GCATCTGTCCA
STRG.1.1 gene=STRG.1 1100 [3940] GAAGGATCTGA
STRG.1.1 gene=STRG.1 1154 [19109] ATAGATAACCC
STRG.1.1 gene=STRG.1 1155 [19110] TAGATAACCCA
STRG.1.1 gene=STRG.1 1171 [57161] GCCGTCGAATG
STRG.1.1 gene=STRG.1 1172 [57162] CCGTCGAATGT
STRG.1.1 gene=STRG.1 1178 [54760] AATGTTAATTA
STRG.1.1 gene=STRG.1 1179 [65159] ATGTTAATTAT
STRG.1.1 gene=STRG.1 1214 [28239, 62184] AAAAGCATAAA
STRG.1.1 gene=STRG.1 1215 [28240] AAAGCATAAAT
STRG.1.1 gene=STRG.1 1216 [28241] AAGCATAAATC
STRG.1.1 gene=STRG.1 1217 [28242] AGCATAAATCG
STRG.1.1 gene=STRG.1 1265 [17088] GTTTTTTCCGG
STRG.1.1 gene=STRG.1 1383 [50264] TGACCTTTGAA
STRG.1.1 gene=STRG.1 1388 [8426] TTTGAAAATAA
STRG.1.1 gene=STRG.1 1402 [1071] AGATGTCGCTG
STRG.1.1 gene=STRG.1 1403 [1072] GATGTCGCTGA
STRG.1.1 gene=STRG.1 1486 [79104] AGCGCCATATC
STRG.1.1 gene=STRG.1 1488 [19674] CGCCATATCTT
STRG.1.1 gene=STRG.1 1489 [19675] GCCATATCTTC
STRG.1.1 gene=STRG.1 1576 [61019] AAGAGCTGGAG
STRG.1.1 gene=STRG.1 1577 [44265] AGAGCTGGAGA
STRG.1.1 gene=STRG.1 1578 [46506] GAGCTGGAGAT
STRG.1.1 gene=STRG.1 1579 [46507] AGCTGGAGATG
STRG.1.1 gene=STRG.1 1617 [19724] GCTGGCCTATC
STRG.1.1 gene=STRG.1 1763 [85204] ATTTATAATTT
STRG.1.1 gene=STRG.1 1819 [40404] CGCAGCTGCAG
STRG.1.1 gene=STRG.1 1820 [40405] GCAGCTGCAGA
STRG.1.1 gene=STRG.1 1926 [68904] AAATAGCATTC
STRG.1.1 gene=STRG.1 1927 [68905] AATAGCATTCT
STRG.1.1 gene=STRG.1 1928 [68906] ATAGCATTCTG
STRG.1.1 gene=STRG.1 1956 [43296] TTATTGTTGGT
STRG.1.1 gene=STRG.1 2006 [20963] TTACCCGAAAA
STRG.1.1 gene=STRG.1 2068 [49441] TGTGTGGAAGG
STRG.1.1 gene=STRG.1 2116 [69989] CGGAGAAGCAA
STRG.1.1 gene=STRG.1 2117 [69990] GGAGAAGCAAT
STRG.1.1 gene=STRG.1 2118 [69991] GAGAAGCAATT
STRG.1.1 gene=STRG.1 2141 [6610, 75365] CGTGGTGTAAA
STRG.1.1 gene=STRG.1 2142 [6611, 75366] GTGGTGTAAAT
STRG.1.1 gene=STRG.1 2146 [81635] TGTAAATATAT
STRG.1.1 gene=STRG.1 2181 [85666] CAGCCAGCATA
STRG.1.1 gene=STRG.1 2182 [85667] AGCCAGCATAA
STRG.1.1 gene=STRG.1 2265 [21215] TCAAAAACTTT
STRG.1.1 gene=STRG.1 2287 [83422] TCATCGCTGCA
STRG.1.1 gene=STRG.1 2296 [84047] CACTTTAAACC
STRG.1.1 gene=STRG.1 2297 [84048] ACTTTAAACCC
STRG.1.1 gene=STRG.1 2298 [84049] CTTTAAACCCA
STRG.1.1 gene=STRG.1 2299 [84050] TTTAAACCCAA
STRG.1.1 gene=STRG.1 2326 [62882] AGGAGAGCAGC
STRG.1.1 gene=STRG.1 2388 [71697] TTCGCAAGGGT
STRG.1.1 gene=STRG.1 2404 [78048] GACCAGGACCA
STRG.1.1 gene=STRG.1 2521 [47947] ATTTGCCAAAA
STRG.1.1 gene=STRG.1 2542 [44288] TAATGTCAACA
STRG.1.1 gene=STRG.1 2574 [37587] CAGCAACAAAT
STRG.1.1 gene=STRG.1 2575 [37588] AGCAACAAATG
STRG.1.1 gene=STRG.1 2578 [50155] AACAAATGCCA
STRG.1.1 gene=STRG.1 2650 [82198] GTCGGCAAGTG
STRG.1.1 gene=STRG.1 2691 [18042] TTTCTGCGCAG
STRG.1.1 gene=STRG.1 2692 [18043] TTCTGCGCAGC
STRG.1.1 gene=STRG.1 2693 [18044] TCTGCGCAGCT
STRG.1.1 gene=STRG.1 2694 [55989] CTGCGCAGCTT
STRG.1.1 gene=STRG.1 2717 [58048] CAATTAAAACA
STRG.1.1 gene=STRG.1 2748 [99761] TTTCTATTTTT
STRG.1.1 gene=STRG.1 2885 [64806] AAATATAAGCT
STRG.1.1 gene=STRG.1 2910 [47332] GTGCTCGGATT
STRG.1.1 gene=STRG.1 2922 [96800] GCCGCATCCAT
STRG.1.1 gene=STRG.1 2962 [15643] GGAAACACTGC
STRG.1.1 gene=STRG.1 2963 [15644] GAAACACTGCA
STRG.1.1 gene=STRG.1 2964 [15645] AAACACTGCAG
STRG.1.1 gene=STRG.1 3023 [61818] GGAGAGGCGGA
STRG.1.1 gene=STRG.1 3126 [54319] TTTTATCAGTA
STRG.1.1 gene=STRG.1 3127 [54320] TTTATCAGTAC
STRG.1.1 gene=STRG.1 3152 [27746] CAGCTGAATGC
STRG.1.1 gene=STRG.1 3153 [27747] AGCTGAATGCC
STRG.1.1 gene=STRG.1 3154 [60426] GCTGAATGCCG
STRG.1.1 gene=STRG.1 3157 [73693] GAATGCCGCAG
STRG.1.1 gene=STRG.1 3158 [73694] AATGCCGCAGC
STRG.1.1 gene=STRG.1 3159 [73695] ATGCCGCAGCA
STRG.1.1 gene=STRG.1 3160 [44707, 75846] TGCCGCAGCAG
STRG.1.1 gene=STRG.1 3184 [93768] CATTAATGGAG
STRG.1.1 gene=STRG.1 3196 [67908] TTCGTCACTTT
STRG.1.1 gene=STRG.1 3221 [4213] GGAGAAGCACT
STRG.1.1 gene=STRG.1 3224 [71573] GAAGCACTGTA
STRG.1.1 gene=STRG.1 3274 [51663] CACGTCCAGAG
STRG.1.1 gene=STRG.1 3409 [49338] AATTAAAAATC
STRG.1.1 gene=STRG.1 3410 [14473] ATTAAAAATCC
STRG.1.1 gene=STRG.1 3444 [35562] GGCCTGCAGAG
STRG.1.1 gene=STRG.1 3449 [37881] GCAGAGGAAAA
STRG.1.1 gene=STRG.1 3473 [74791] AGTGTTCAGCA
STRG.1.1 gene=STRG.1 3474 [12479] GTGTTCAGCAA
STRG.1.1 gene=STRG.1 3475 [12480] TGTTCAGCAAG
STRG.1.1 gene=STRG.1 3481 [27508] GCAAGTTAATG
STRG.1.1 gene=STRG.1 3574 [93879] CGACCATTTAA
STRG.1.1 gene=STRG.1 3575 [57818, 93880] GACCATTTAAA
STRG.1.1 gene=STRG.1 3576 [57819, 93881] ACCATTTAAAT
STRG.1.1 gene=STRG.1 3579 [75338] ATTTAAATATG
STRG.1.1 gene=STRG.1 3580 [75339] TTTAAATATGA
STRG.1.1 gene=STRG.1 3601 [9317] TTTGTGTTCTA
STRG.1.1 gene=STRG.1 3660 [73446] CCAACAAAGCC
STRG.1.1 gene=STRG.1 3661 [73447] CAACAAAGCCA
STRG.1.1 gene=STRG.1 3662 [73448] AACAAAGCCAG
STRG.1.1 gene=STRG.1 3663 [73449] ACAAAGCCAGT
STRG.1.1 gene=STRG.1 3699 [15805] CAAATATTAAT
STRG.1.1 gene=STRG.1 3710 [63672] ATTTCTAATTT
STRG.1.1 gene=STRG.1 3711 [63673] TTTCTAATTTA
STRG.1.1 gene=STRG.1 3721 [7078] AGAGGACTTGG
STRG.1.1 gene=STRG.1 3727 [27249] CTTGGAATCGA
STRG.1.1 gene=STRG.1 3728 [27250] TTGGAATCGAA
STRG.1.1 gene=STRG.1 3758 [90600] AGTACTAGTTC
STRG.1.1 gene=STRG.1 3759 [90601] GTACTAGTTCT
STRG.1.1 gene=STRG.1 3779 [76432] AAATCTATAAT
STRG.1.1 gene=STRG.1 3785 [65881] ATAATTACAAA
STRG.1.1 gene=STRG.1 3810 [6740] AAACGAACGGA
STRG.1.1 gene=STRG.1 3813 [23220] CGAACGGAGAC
STRG.1.1 gene=STRG.1 3820 [65796] AGACAACAAAA
STRG.1.1 gene=STRG.1 3847 [1559] AGCGCCTGAAG
STRG.1.1 gene=STRG.1 3891 [84682] CTACTAATTAT
STRG.1.1 gene=STRG.1 3892 [84683] TACTAATTATT
STRG.1.1 gene=STRG.1 3960 [65881] ATAATTACAAA
STRG.1.1 gene=STRG.1 3983 [1637] AAAATCGAACG
STRG.1.1 gene=STRG.1 3992 [23867] CGGGGACAGCA
STRG.1.1 gene=STRG.1 4022 [9148, 33577, 51647] TTAAATTAAAT
STRG.1.1 gene=STRG.1 4023 [33578] TAAATTAAATT
STRG.1.1 gene=STRG.1 4024 [33579] AAATTAAATTA
STRG.1.1 gene=STRG.1 4027 [25406] TTAAATTAAAC
STRG.1.1 gene=STRG.1 4051 [67119] AAACAGAAATG
STRG.1.1 gene=STRG.1 4052 [67120] AACAGAAATGA
STRG.1.1 gene=STRG.1 4072 [1034] AATATAAAATA
STRG.1.1 gene=STRG.1 4083 [13505] TTCATTTTTTA
STRG.1.1 gene=STRG.1 4084 [13506] TCATTTTTTAT
STRG.1.1 gene=STRG.1 4085 [13507] CATTTTTTATT
STRG.1.1 gene=STRG.1 4086 [13508] ATTTTTTATTT
STRG.1.1 gene=STRG.1 4129 [17099] TAATTATTTAT
STRG.1.1 gene=STRG.1 4130 [17100] AATTATTTATG
STRG.1.1 gene=STRG.1 4133 [4941] TATTTATGATT
STRG.1.1 gene=STRG.1 4134 [4942] ATTTATGATTT
STRG.1.1 gene=STRG.1 4239 [78091] TAAAAGTTGAC
STRG.1.1 gene=STRG.1 4263 [25396] TGTAAAATATT
STRG.1.1 gene=STRG.1 4276 [53501] AACGCAACCTG
STRG.1.1 gene=STRG.1 4320 [11822] GTATAAACACA
STRG.1.1 gene=STRG.1 4321 [11823] TATAAACACAA
STRG.1.1 gene=STRG.1 4322 [11824] ATAAACACAAA
STRG.1.1 gene=STRG.1 4332 [46139] ATACCGATAAA
STRG.1.1 gene=STRG.1 4356 [97331] ATTTAATAAAT
STRG.1.1 gene=STRG.1 4357 [64057, 97332] TTTAATAAATT
STRG.1.1 gene=STRG.1 4358 [64058] TTAATAAATTG
STRG.1.1 gene=STRG.1 4359 [64059] TAATAAATTGT
STRG.1.1 gene=STRG.1 4392 [73214] GGATAAATAAT
STRG.1.1 gene=STRG.1 4393 [25685] GATAAATAATT
STRG.1.1 gene=STRG.1 4398 [58291] ATAATTCAAAT
STRG.1.1 gene=STRG.1 4408 [45582] TTATATAGGAA
STRG.1.1 gene=STRG.1 4511 [9091] ATTTTTTAAAT
STRG.1.1 gene=STRG.1 4512 [9092] TTTTTTAAATT
STRG.1.1 gene=STRG.1 4517 [56349, 78699] TAAATTTCTTT
STRG.1.1 gene=STRG.1 4518 [56350, 78700] AAATTTCTTTT
STRG.1.1 gene=STRG.1 4519 [78701] AATTTCTTTTA
STRG.1.1 gene=STRG.1 4520 [78702] ATTTCTTTTAT
STRG.1.1 gene=STRG.1 4521 [78703, 85533] TTTCTTTTATT
STRG.1.1 gene=STRG.1 4522 [78704, 85534] TTCTTTTATTT
STRG.1.1 gene=STRG.1 4523 [85535] TCTTTTATTTT
STRG.1.1 gene=STRG.1 4524 [85536] CTTTTATTTTC
STRG.1.1 gene=STRG.1 4527 [26349] TTATTTTCGGT
STRG.1.1 gene=STRG.1 4535 [76893] GGTTAAAATAT
STRG.1.1 gene=STRG.1 4536 [76894] GTTAAAATATT
STRG.1.1 gene=STRG.1 4537 [76895] TTAAAATATTG
STRG.1.1 gene=STRG.1 4563 [43933] CCCTTACAAAA
STRG.1.1 gene=STRG.1 4675 [54409] AATTTGTTGTA
STRG.1.1 gene=STRG.1 4729 [17914] TCAAATTAATT
STRG.1.1 gene=STRG.1 4731 [68090] AAATTAATTGT
STRG.1.1 gene=STRG.1 4760 [65071] AAATTGCAAAC
STRG.1.1 gene=STRG.1 4856 [64368] TAATTTTTGCA
STRG.1.1 gene=STRG.1 4857 [64369, 66925] AATTTTTGCAT
STRG.1.1 gene=STRG.1 4858 [64370, 66926] ATTTTTGCATT
STRG.1.1 gene=STRG.1 4860 [11899] TTTTGCATTCT
STRG.1.1 gene=STRG.1 4878 [58046] TGCAATTAAAA
STRG.1.1 gene=STRG.1 4880 [9816] CAATTAAAAAA
STRG.1.1 gene=STRG.1 4896 [81082] GTTTTTATGAG
STRG.1.1 gene=STRG.1 4897 [81083] TTTTTATGAGT
STRG.1.1 gene=STRG.1 4900 [70754] TTATGAGTTTT
STRG.1.1 gene=STRG.1 4954 [87316] CTTCAAGTACT
STRG.1.1 gene=STRG.1 4979 [64433] AATTTAATTTT
STRG.1.1 gene=STRG.1 4980 [23606] ATTTAATTTTA
STRG.1.1 gene=STRG.1 5014 [32831] ATTGTAAAGTA
STRG.1.1 gene=STRG.1 5071 [11899] TTTTGCATTCT
STRG.1.1 gene=STRG.1 5072 [11900] TTTGCATTCTC
STRG.2.1 gene=STRG.2 49 [21991] GTGGCAGAAGT
STRG.2.1 gene=STRG.2 67 [12058] AAGTGAATAAA
STRG.2.1 gene=STRG.2 184 [32807] AAACATAGCAT
STRG.2.1 gene=STRG.2 409 [1214] AAGGCGAACTG
STRG.2.1 gene=STRG.2 411 [29590] GGCGAACTGCA
STRG.2.1 gene=STRG.2 412 [80349] GCGAACTGCAT
STRG.2.1 gene=STRG.2 413 [80350] CGAACTGCATT
STRG.2.1 gene=STRG.2 414 [80351] GAACTGCATTG
STRG.2.1 gene=STRG.2 417 [51778] CTGCATTGCAA
STRG.2.1 gene=STRG.2 433 [29125, 33519, 34160, 55338] AGTGTGTGTGT
STRG.2.1 gene=STRG.2 434 [28355] GTGTGTGTGTC
STRG.2.1 gene=STRG.2 475 [19563] TTGACGCTTTG
STRG.2.1 gene=STRG.2 513 [42133] TTCGTAACATG
STRG.2.1 gene=STRG.2 514 [42134] TCGTAACATGG
STRG.2.1 gene=STRG.2 515 [42135] CGTAACATGGA
STRG.2.1 gene=STRG.2 552 [165] TTTGCGCTGCC
STRG.2.1 gene=STRG.2 555 [52219] GCGCTGCCAAC
STRG.2.1 gene=STRG.2 594 [63114] AAAGTGTGTTT
STRG.2.1 gene=STRG.2 595 [63115] AAGTGTGTTTA
STRG.2.1 gene=STRG.2 596 [63116] AGTGTGTTTAT
STRG.2.1 gene=STRG.2 597 [49911, 63117] GTGTGTTTATT
STRG.2.1 gene=STRG.2 602 [68944] TTTATTTTTAA
STRG.2.1 gene=STRG.2 623 [29004] CTGAAGGATAA
STRG.2.1 gene=STRG.2 688 [94306] GCTCTGCAAAT
STRG.2.1 gene=STRG.2 730 [74402] GCTTTCAAATA
STRG.2.1 gene=STRG.2 731 [74403] CTTTCAAATAT
STRG.2.1 gene=STRG.2 736 [981] AAATATAGCAA
STRG.2.1 gene=STRG.2 745 [55728] AAAACATACTC
STRG.2.1 gene=STRG.2 772 [20843, 81689] CTTTCTCCTTA
STRG.2.1 gene=STRG.2 773 [64758] TTTCTCCTTAG
STRG.2.1 gene=STRG.2 799 [67945] TGCGAGGGAAG
STRG.2.1 gene=STRG.2 834 [10675] CAGCAACCCAA
STRG.2.1 gene=STRG.2 849 [54004] CACACCGACAC
STRG.2.1 gene=STRG.2 863 [69566] GAAGTCCAAGC
STRG.2.1 gene=STRG.2 871 [94465] AGCGGAAATCG
STRG.2.1 gene=STRG.2 872 [94466] GCGGAAATCGA
STRG.2.1 gene=STRG.2 886 [22941] ATTTCGCCCCA
STRG.2.1 gene=STRG.2 917 [73898] GAGTCCGGAAA
STRG.2.1 gene=STRG.2 960 [14405] TGGAGCTGGCC
STRG.2.1 gene=STRG.2 991 [57648] CTTGGCTGCAT
STRG.2.1 gene=STRG.2 1004 [57551] TCCTCATCCTC
STRG.2.1 gene=STRG.2 1062 [97319] GGAGACGCAAC
STRG.2.1 gene=STRG.2 1063 [97320] GAGACGCAACA
STRG.2.1 gene=STRG.2 1219 [58089] GAAAGGAGTAA
STRG.2.1 gene=STRG.2 1228 [59601] AATAAACTTCA
STRG.2.1 gene=STRG.2 1271 [90134] CCTGAAGTCCA
STRG.2.1 gene=STRG.2 1274 [69566] GAAGTCCAAGC
STRG.2.1 gene=STRG.2 1275 [69567] AAGTCCAAGCA
STRG.2.1 gene=STRG.2 1276 [69568] AGTCCAAGCAG
STRG.2.1 gene=STRG.2 1309 [25631] CGTGACAGATA
STRG.2.1 gene=STRG.2 1343 [68775] GTTCTTATTTC
STRG.2.1 gene=STRG.2 1364 [6885] AGCAATCCAGG
STRG.2.1 gene=STRG.2 1393 [87234] TAATTTGTTTC
STRG.2.1 gene=STRG.2 1422 [61223] TTAAAAACACA
STRG.2.1 gene=STRG.2 1423 [61224] TAAAAACACAT
STRG.2.1 gene=STRG.2 1424 [61225] AAAAACACATT
STRG.2.1 gene=STRG.2 1431 [17634] CATTAAACAAC
STRG.2.1 gene=STRG.2 1432 [17635] ATTAAACAACA
STRG.2.1 gene=STRG.2 1575 [55458] CACTGCCAGAG
STRG.2.1 gene=STRG.2 1576 [55459] ACTGCCAGAGC
STRG.2.1 gene=STRG.2 1603 [66818, 78320] GCCAAAAAAGA
STRG.2.1 gene=STRG.2 1604 [36025] CCAAAAAAGAA
STRG.2.1 gene=STRG.2 1605 [36026] CAAAAAAGAAA
STRG.2.1 gene=STRG.2 1606 [36027] AAAAAAGAAAA
STRG.2.1 gene=STRG.2 1618 [5395] GGAGGATGAAG
STRG.2.1 gene=STRG.2 1650 [46699] TGCCACAGCTA
STRG.2.1 gene=STRG.2 1651 [46700] GCCACAGCTAA
STRG.2.1 gene=STRG.2 1684 [36222] TAAGACAAAGT
STRG.2.1 gene=STRG.2 1744 [56751] GTCAACGTCAA
STRG.2.1 gene=STRG.2 1752 [63670] CAATTTCTAAT
STRG.2.1 gene=STRG.2 1818 [51970] TGTTGATGCTT
STRG.2.1 gene=STRG.2 1860 [10014] CAGAAAACTGT
STRG.2.1 gene=STRG.2 1892 [43587] AAAAGTTCAAA
STRG.2.1 gene=STRG.2 1915 [50616] AATGTCAGACA
STRG.2.1 gene=STRG.2 1931 [61263] CTTCTTCAAGA
STRG.2.1 gene=STRG.2 1967 [66136] CCATATTTGGC
STRG.2.1 gene=STRG.2 1969 [57501] ATATTTGGCCC
STRG.2.1 gene=STRG.2 2056 [7865] ATCGCAGGCGA
STRG.2.1 gene=STRG.2 2083 [3708] GCTGGCTGACT
STRG.2.1 gene=STRG.2 2124 [83087] CAGAAACGTCG
STRG.2.1 gene=STRG.2 2185 [43555] TCACAAAAAGG
STRG.2.1 gene=STRG.2 2186 [98180] CACAAAAAGGC
STRG.2.1 gene=STRG.2 2205 [99623] TGCCAACTGTC
STRG.2.1 gene=STRG.2 2217 [1504] AACGCCATCAA
STRG.2.1 gene=STRG.2 2342 [43905] CTTTTTTCGCA
STRG.2.1 gene=STRG.2 2376 [55647] CTATTAATGAA
STRG.2.1 gene=STRG.2 2398 [24271] ACTCCTTAAGC
STRG.2.1 gene=STRG.2 2407 [37933] GCAGCAACAAC
STRG.2.1 gene=STRG.2 2408 [17224, 37934] CAGCAACAACA
STRG.2.1 gene=STRG.2 2409 [37935] AGCAACAACAA
STRG.2.1 gene=STRG.2 2411 [5531] CAACAACAAGA
STRG.2.1 gene=STRG.2 2475 [35515] TTAATTTAGAA
STRG.2.1 gene=STRG.2 2518 [53091] TGCAGTCGATC
STRG.2.1 gene=STRG.2 2519 [53092] GCAGTCGATCC
STRG.2.1 gene=STRG.2 2594 [66979] AATTTTAAAAG
STRG.2.1 gene=STRG.2 2658 [39514] ACAGCGGATCC
STRG.2.1 gene=STRG.2 2659 [39515] CAGCGGATCCC
STRG.2.1 gene=STRG.2 2669 [89391] CCAAATGAAAA
STRG.2.1 gene=STRG.2 2670 [98965] CAAATGAAAAG
STRG.2.1 gene=STRG.2 2690 [11269] GAAGTATTTCC
STRG.2.1 gene=STRG.2 2731 [42606] AAAGAAAAGTG
STRG.2.1 gene=STRG.2 2776 [42575] AAAGCAGGCAC
STRG.2.1 gene=STRG.2 2784 [29870] CACCCACAAGT
STRG.2.1 gene=STRG.2 2842 [12317] GAAAGAAAATC
STRG.2.1 gene=STRG.2 2843 [12318] AAAGAAAATCC
STRG.2.1 gene=STRG.2 2844 [12319] AAGAAAATCCC
STRG.2.1 gene=STRG.2 2944 [73734] CAAAGCTGCGC
STRG.2.1 gene=STRG.2 3082 [12656] TCAGCTGAAGC
STRG.2.1 gene=STRG.2 3148 [85220] TGCAGCAGAAT
STRG.2.1 gene=STRG.2 3226 [322] AGGAGAAGAAA
STRG.2.1 gene=STRG.2 3244 [4902] TTCCCTAAAAG
STRG.2.1 gene=STRG.2 3245 [4903] TCCCTAAAAGA
STRG.2.1 gene=STRG.2 3246 [4904] CCCTAAAAGAT
STRG.2.1 gene=STRG.2 3263 [14143] TGGGAGCGAAC
STRG.2.1 gene=STRG.2 3281 [99832] AGTTCTTCATC
STRG.2.1 gene=STRG.2 3283 [87441] TTCTTCATCAT
STRG.2.1 gene=STRG.2 3296 [42037] AGAAACCGCCG
STRG.2.1 gene=STRG.2 3297 [42038] GAAACCGCCGA
STRG.2.1 gene=STRG.2 3298 [42039] AAACCGCCGAG
STRG.2.1 gene=STRG.2 3315 [71599] AATCAAAGATT
STRG.2.1 gene=STRG.2 3436 [15886] CACCAACGCCC
STRG.2.1 gene=STRG.2 3587 [81038] TGGAAAATATT
STRG.2.1 gene=STRG.2 3712 [1800] CACACGAAAAT
STRG.2.2 gene=STRG.2 49 [21991] GTGGCAGAAGT
STRG.2.2 gene=STRG.2 67 [12058] AAGTGAATAAA
STRG.2.2 gene=STRG.2 184 [32807] AAACATAGCAT
STRG.2.2 gene=STRG.2 409 [1214] AAGGCGAACTG
STRG.2.2 gene=STRG.2 411 [29590] GGCGAACTGCA
STRG.2.2 gene=STRG.2 412 [80349] GCGAACTGCAT
STRG.2.2 gene=STRG.2 413 [80350] CGAACTGCATT
STRG.2.2 gene=STRG.2 414 [80351] GAACTGCATTG
STRG.2.2 gene=STRG.2 417 [51778] CTGCATTGCAA
STRG.2.2 gene=STRG.2 433 [29125, 33519, 34160, 55338] AGTGTGTGTGT
STRG.2.2 gene=STRG.2 434 [28355] GTGTGTGTGTC
STRG.2.2 gene=STRG.2 475 [19563] TTGACGCTTTG
STRG.2.2 gene=STRG.2 513 [42133] TTCGTAACATG
STRG.2.2 gene=STRG.2 514 [42134] TCGTAACATGG
STRG.2.2 gene=STRG.2 515 [42135] CGTAACATGGA
STRG.2.2 gene=STRG.2 552 [165] TTTGCGCTGCC
STRG.2.2 gene=STRG.2 555 [52219] GCGCTGCCAAC
STRG.2.2 gene=STRG.2 594 [63114] AAAGTGTGTTT
STRG.2.2 gene=STRG.2 595 [63115] AAGTGTGTTTA
STRG.2.2 gene=STRG.2 596 [63116] AGTGTGTTTAT
STRG.2.2 gene=STRG.2 597 [49911, 63117] GTGTGTTTATT
STRG.2.2 gene=STRG.2 602 [68944] TTTATTTTTAA
STRG.2.2 gene=STRG.2 623 [29004] CTGAAGGATAA
STRG.2.2 gene=STRG.2 688 [94306] GCTCTGCAAAT
STRG.2.2 gene=STRG.2 730 [74402] GCTTTCAAATA
STRG.2.2 gene=STRG.2 731 [74403] CTTTCAAATAT
STRG.2.2 gene=STRG.2 736 [981] AAATATAGCAA
STRG.2.2 gene=STRG.2 745 [55728] AAAACATACTC
STRG.2.2 gene=STRG.2 772 [20843, 81689] CTTTCTCCTTA
STRG.2.2 gene=STRG.2 773 [64758] TTTCTCCTTAG
STRG.2.2 gene=STRG.2 799 [67945] TGCGAGGGAAG
STRG.2.2 gene=STRG.2 834 [10675] CAGCAACCCAA
STRG.2.2 gene=STRG.2 849 [54004] CACACCGACAC
STRG.2.2 gene=STRG.2 863 [69566] GAAGTCCAAGC
STRG.2.2 gene=STRG.2 871 [94465] AGCGGAAATCG
STRG.2.2 gene=STRG.2 872 [94466] GCGGAAATCGA
STRG.2.2 gene=STRG.2 886 [22941] ATTTCGCCCCA
STRG.2.2 gene=STRG.2 917 [73898] GAGTCCGGAAA
STRG.2.2 gene=STRG.2 960 [14405] TGGAGCTGGCC
STRG.2.2 gene=STRG.2 991 [57648] CTTGGCTGCAT
STRG.2.2 gene=STRG.2 1004 [57551] TCCTCATCCTC
STRG.2.2 gene=STRG.2 1062 [97319] GGAGACGCAAC
STRG.2.2 gene=STRG.2 1063 [97320] GAGACGCAACA
STRG.2.2 gene=STRG.2 1219 [58089] GAAAGGAGTAA
STRG.2.2 gene=STRG.2 1228 [59601] AATAAACTTCA
STRG.2.2 gene=STRG.2 1271 [90134] CCTGAAGTCCA
STRG.2.2 gene=STRG.2 1274 [69566] GAAGTCCAAGC
STRG.2.2 gene=STRG.2 1275 [69567] AAGTCCAAGCA
STRG.2.2 gene=STRG.2 1276 [69568] AGTCCAAGCAG
STRG.2.2 gene=STRG.2 1309 [25631] CGTGACAGATA
STRG.2.2 gene=STRG.2 1343 [68775] GTTCTTATTTC
STRG.2.2 gene=STRG.2 1364 [6885] AGCAATCCAGG
STRG.2.2 gene=STRG.2 1393 [87234] TAATTTGTTTC
STRG.2.2 gene=STRG.2 1422 [61223] TTAAAAACACA
STRG.2.2 gene=STRG.2 1423 [61224] TAAAAACACAT
STRG.2.2 gene=STRG.2 1424 [61225] AAAAACACATT
STRG.2.2 gene=STRG.2 1431 [17634] CATTAAACAAC
STRG.2.2 gene=STRG.2 1432 [17635] ATTAAACAACA
STRG.2.2 gene=STRG.2 1575 [55458] CACTGCCAGAG
STRG.2.2 gene=STRG.2 1576 [55459] ACTGCCAGAGC
STRG.2.2 gene=STRG.2 1603 [66818, 78320] GCCAAAAAAGA
STRG.2.2 gene=STRG.2 1604 [36025] CCAAAAAAGAA
STRG.2.2 gene=STRG.2 1605 [36026] CAAAAAAGAAA
STRG.2.2 gene=STRG.2 1606 [36027] AAAAAAGAAAA
STRG.2.2 gene=STRG.2 1618 [5395] GGAGGATGAAG
STRG.2.2 gene=STRG.2 1650 [46699] TGCCACAGCTA
STRG.2.2 gene=STRG.2 1651 [46700] GCCACAGCTAA
STRG.2.2 gene=STRG.2 1684 [36222] TAAGACAAAGT
STRG.2.2 gene=STRG.2 1744 [56751] GTCAACGTCAA
STRG.2.2 gene=STRG.2 1752 [63670] CAATTTCTAAT
STRG.2.2 gene=STRG.2 1818 [51970] TGTTGATGCTT
STRG.2.2 gene=STRG.2 1860 [10014] CAGAAAACTGT
STRG.2.2 gene=STRG.2 1892 [43587] AAAAGTTCAAA
STRG.2.2 gene=STRG.2 1915 [50616] AATGTCAGACA
STRG.2.2 gene=STRG.2 1931 [61263] CTTCTTCAAGA
STRG.2.2 gene=STRG.2 1967 [66136] CCATATTTGGC
STRG.2.2 gene=STRG.2 1969 [57501] ATATTTGGCCC
STRG.2.2 gene=STRG.2 2056 [7865] ATCGCAGGCGA
STRG.2.2 gene=STRG.2 2083 [3708] GCTGGCTGACT
STRG.2.2 gene=STRG.2 2124 [83087] CAGAAACGTCG
STRG.2.2 gene=STRG.2 2185 [43555] TCACAAAAAGG
STRG.2.2 gene=STRG.2 2186 [98180] CACAAAAAGGC
STRG.2.2 gene=STRG.2 2205 [99623] TGCCAACTGTC
STRG.2.2 gene=STRG.2 2217 [1504] AACGCCATCAA
STRG.2.2 gene=STRG.2 2342 [43905] CTTTTTTCGCA
STRG.2.2 gene=STRG.2 2376 [55647] CTATTAATGAA
STRG.2.2 gene=STRG.2 2398 [24271] ACTCCTTAAGC
STRG.2.2 gene=STRG.2 2407 [37933] GCAGCAACAAC
STRG.2.2 gene=STRG.2 2408 [17224, 37934] CAGCAACAACA
STRG.2.2 gene=STRG.2 2409 [37935] AGCAACAACAA
STRG.2.2 gene=STRG.2 2411 [5531] CAACAACAAGA
STRG.2.2 gene=STRG.2 2475 [35515] TTAATTTAGAA
STRG.2.2 gene=STRG.2 2518 [53091] TGCAGTCGATC
STRG.2.2 gene=STRG.2 2519 [53092] GCAGTCGATCC
STRG.2.2 gene=STRG.2 2594 [66979] AATTTTAAAAG
STRG.2.2 gene=STRG.2 2658 [39514] ACAGCGGATCC
STRG.2.2 gene=STRG.2 2659 [39515] CAGCGGATCCC
STRG.2.2 gene=STRG.2 2669 [89391] CCAAATGAAAA
STRG.2.2 gene=STRG.2 2670 [98965] CAAATGAAAAG
STRG.2.2 gene=STRG.2 2690 [11269] GAAGTATTTCC
STRG.2.2 gene=STRG.2 2731 [42606] AAAGAAAAGTG
STRG.2.2 gene=STRG.2 2776 [42575] AAAGCAGGCAC
STRG.2.2 gene=STRG.2 2784 [29870] CACCCACAAGT
STRG.2.2 gene=STRG.2 2842 [12317] GAAAGAAAATC
STRG.2.2 gene=STRG.2 2843 [12318] AAAGAAAATCC
STRG.2.2 gene=STRG.2 2844 [12319] AAGAAAATCCC
STRG.2.2 gene=STRG.2 2944 [73734] CAAAGCTGCGC
STRG.2.2 gene=STRG.2 3082 [12656] TCAGCTGAAGC
STRG.2.2 gene=STRG.2 3148 [85220] TGCAGCAGAAT
STRG.2.2 gene=STRG.2 3226 [322] AGGAGAAGAAA
STRG.2.2 gene=STRG.2 3244 [4902] TTCCCTAAAAG
STRG.2.2 gene=STRG.2 3245 [4903] TCCCTAAAAGA
STRG.2.2 gene=STRG.2 3246 [4904] CCCTAAAAGAT
STRG.2.2 gene=STRG.2 3263 [14143] TGGGAGCGAAC
STRG.2.2 gene=STRG.2 3281 [99832] AGTTCTTCATC
STRG.2.2 gene=STRG.2 3283 [87441] TTCTTCATCAT
STRG.2.2 gene=STRG.2 3296 [42037] AGAAACCGCCG
STRG.2.2 gene=STRG.2 3297 [42038] GAAACCGCCGA
STRG.2.2 gene=STRG.2 3298 [42039] AAACCGCCGAG
STRG.2.2 gene=STRG.2 3315 [71599] AATCAAAGATT
STRG.2.2 gene=STRG.2 3436 [15886] CACCAACGCCC
STRG.2.2 gene=STRG.2 3587 [81038] TGGAAAATATT
STRG.2.2 gene=STRG.2 3712 [1800] CACACGAAAAT
STRG.2.2 gene=STRG.2 3743 [75445] ATTTAAAGAAT
STRG.2.2 gene=STRG.2 3766 [50112] TTGAAAAAATT
STRG.2.2 gene=STRG.2 3771 [43857] AAAATTTCCTT
STRG.2.2 gene=STRG.2 3773 [93659] AATTTCCTTAC
STRG.2.2 gene=STRG.2 3875 [10379] AATCCAGAATA
STRG.2.2 gene=STRG.2 3876 [10380] ATCCAGAATAT
STRG.2.2 gene=STRG.2 3908 [8036] AGATATTTATT
STRG.2.2 gene=STRG.2 3909 [8037] GATATTTATTT
STRG.2.2 gene=STRG.2 3936 [31721] TCTAAGCTGTA
STRG.4.1 gene=STRG.4 18 [13561] TAAAAGCCAAG
STRG.4.1 gene=STRG.4 19 [97057] AAAAGCCAAGA
STRG.4.1 gene=STRG.4 20 [97058] AAAGCCAAGAC
STRG.4.1 gene=STRG.4 83 [81603] TACGTATATAA
STRG.4.1 gene=STRG.4 107 [11404] GCCACAGCAAT
STRG.4.1 gene=STRG.4 108 [11405] CCACAGCAATT
STRG.4.1 gene=STRG.4 109 [11406] CACAGCAATTG
STRG.4.1 gene=STRG.4 136 [24401] TTACGCACTTT
STRG.4.1 gene=STRG.4 149 [54912] ATTCATTTCCA
STRG.4.1 gene=STRG.4 171 [1072] GATGTCGCTGA
STRG.4.1 gene=STRG.4 173 [27036] TGTCGCTGATG
STRG.4.1 gene=STRG.4 197 [38188] AGTGTGTTGTG
STRG.4.1 gene=STRG.4 220 [10015] AGAAAACTGTT
STRG.4.1 gene=STRG.4 221 [10016] GAAAACTGTTG
STRG.4.1 gene=STRG.4 296 [44016] TAGCTGCAAAA
STRG.4.1 gene=STRG.4 303 [42933] AAAATCAATGT
STRG.4.1 gene=STRG.4 346 [79310] CGGCAATAAAA
STRG.4.1 gene=STRG.4 348 [29315] GCAATAAAATC
STRG.4.1 gene=STRG.4 383 [7242] TTGTAGGTATT
STRG.4.1 gene=STRG.4 465 [60207] AAAGCTTTAAA
STRG.4.1 gene=STRG.4 469 [61221] CTTTAAAAACA
STRG.4.1 gene=STRG.4 470 [61222] TTTAAAAACAC
STRG.4.1 gene=STRG.4 471 [61223] TTAAAAACACA
STRG.4.1 gene=STRG.4 472 [61224] TAAAAACACAT
STRG.4.1 gene=STRG.4 473 [61225] AAAAACACATT
STRG.4.1 gene=STRG.4 478 [74729] CACATTGCACT
STRG.4.1 gene=STRG.4 479 [74730] ACATTGCACTG
STRG.4.1 gene=STRG.4 480 [74731] CATTGCACTGG
STRG.4.1 gene=STRG.4 485 [12020] CACTGGCGACA
STRG.4.1 gene=STRG.4 487 [53449] CTGGCGACACC
STRG.4.1 gene=STRG.4 498 [14051] AATCCTGCTTT
STRG.4.1 gene=STRG.4 504 [43663] GCTTTAAAATC
STRG.4.1 gene=STRG.4 531 [52347, 71377] ACACAACTCAT
STRG.4.1 gene=STRG.4 532 [71378] CACAACTCATT
STRG.4.1 gene=STRG.4 533 [71379] ACAACTCATTT
STRG.4.1 gene=STRG.4 571 [58049] AATTAAAACAA
STRG.4.1 gene=STRG.4 669 [22500] CTGTGCGAACA
STRG.4.1 gene=STRG.4 694 [77306] CCCCACAACGC
STRG.4.1 gene=STRG.4 851 [24401] TTACGCACTTT
STRG.4.1 gene=STRG.4 852 [24402] TACGCACTTTA
STRG.4.1 gene=STRG.4 861 [12468] TAAATTCATTT
STRG.4.1 gene=STRG.4 864 [54912] ATTCATTTCCA
STRG.4.1 gene=STRG.4 923 [40218] CCCTCCGCCTG
STRG.4.1 gene=STRG.4 991 [81449] ACAGTCTGCAC
STRG.4.1 gene=STRG.4 992 [81450] CAGTCTGCACC
STRG.4.1 gene=STRG.4 993 [81451] AGTCTGCACCC
STRG.4.1 gene=STRG.4 1036 [73082] CCGATGCATTG
STRG.4.1 gene=STRG.4 1037 [73083] CGATGCATTGG
STRG.4.1 gene=STRG.4 1086 [70541] GGCAATGAAAT
STRG.4.1 gene=STRG.4 1089 [83129] AATGAAATCGA
STRG.4.1 gene=STRG.4 1090 [83130] ATGAAATCGAA
STRG.4.1 gene=STRG.4 1091 [67290, 83131] TGAAATCGAAA
STRG.4.1 gene=STRG.4 1111 [64769] ACGGCGCTTGA
STRG.4.1 gene=STRG.4 1221 [56559] TTATTGCCGTC
STRG.4.1 gene=STRG.4 1222 [56560] TATTGCCGTCA
STRG.4.1 gene=STRG.4 1223 [56561] ATTGCCGTCAT
STRG.4.1 gene=STRG.4 1271 [96827] ATGCAAATGCG
STRG.4.1 gene=STRG.4 1336 [6298, 63373] CTTTAATGTAC
STRG.4.1 gene=STRG.4 1339 [89008] TAATGTACGAG
STRG.4.1 gene=STRG.4 1371 [86972] ATATACATACA
STRG.4.1 gene=STRG.4 1373 [67159] ATACATACACA
STRG.4.1 gene=STRG.4 1374 [67160] TACATACACAT
STRG.4.1 gene=STRG.4 1417 [22245] GTGTGCCTTTA
STRG.4.1 gene=STRG.4 1418 [22246] TGTGCCTTTAG
STRG.4.1 gene=STRG.4 1454 [5605] GAATTTGATTT
STRG.4.1 gene=STRG.4 1455 [5606, 43254] AATTTGATTTT
STRG.4.1 gene=STRG.4 1456 [5607] ATTTGATTTTA
STRG.4.1 gene=STRG.4 1526 [11897] GCTTTTGCATT
STRG.4.1 gene=STRG.4 1527 [11898] CTTTTGCATTC
STRG.4.1 gene=STRG.4 1528 [11899] TTTTGCATTCT
STRG.4.1 gene=STRG.4 1590 [16139, 45670] ATACATATGTA
STRG.4.1 gene=STRG.4 1591 [16140, 45671] TACATATGTAT
STRG.4.1 gene=STRG.4 1599 [82122] TATCTACATTA
STRG.4.1 gene=STRG.4 1625 [65761] ATGTATATTCT
STRG.4.1 gene=STRG.4 1626 [65762] TGTATATTCTT
STRG.4.1 gene=STRG.4 1727 [36705] GCAAAGCAATT
STRG.4.1 gene=STRG.4 1786 [74115] TCCTGGCTTCG
STRG.4.1 gene=STRG.4 1828 [97039] ATGATGGAAAT
STRG.4.1 gene=STRG.4 1860 [87307] AAAACGTTGCT
STRG.4.1 gene=STRG.4 1864 [27285] CGTTGCTATTG
STRG.4.1 gene=STRG.4 1933 [31127] TTAAAAGTTTG
STRG.4.1 gene=STRG.4 1936 [98257] AAAGTTTGATG
STRG.4.1 gene=STRG.4 1944 [18236] ATGCTAATAAT
STRG.4.1 gene=STRG.4 1945 [18237] TGCTAATAATT
STRG.4.1 gene=STRG.4 1946 [18238] GCTAATAATTA
STRG.4.1 gene=STRG.4 1952 [93599] AATTAAATAAA
STRG.4.1 gene=STRG.4 1953 [93600] ATTAAATAAAA
STRG.4.1 gene=STRG.4 1954 [93601] TTAAATAAAAA
STRG.4.1 gene=STRG.4 1955 [93602] TAAATAAAAAC
STRG.4.1 gene=STRG.4 1957 [36100, 46190] AATAAAAACAA
STRG.4.1 gene=STRG.4 1958 [9713] ATAAAAACAAT
STRG.4.1 gene=STRG.4 1966 [20696] AATATTTTATT
STRG.4.1 gene=STRG.4 1981 [82048] AAGTATATGTT
STRG.4.1 gene=STRG.4 1983 [83356] GTATATGTTCT
STRG.4.1 gene=STRG.4 2029 [16152] TACATGTGTAC
STRG.4.1 gene=STRG.4 2038 [11920] ACATATTTTGA
STRG.4.1 gene=STRG.4 2086 [26628] TTTTCAAACTG
STRG.4.1 gene=STRG.4 2093 [23556] ACTGATATTTT
STRG.4.1 gene=STRG.4 2100 [252] TTTTGTTTTGC
STRG.4.1 gene=STRG.4 2105 [75385] TTTTGCACATT
STRG.4.1 gene=STRG.4 2182 [43045] TGTACATACAT
STRG.4.1 gene=STRG.4 2183 [43046] GTACATACATA
STRG.4.1 gene=STRG.4 2191 [68811] ATATTTACATT
STRG.4.1 gene=STRG.4 2210 [59989] CAAGTTTTTAA
STRG.4.1 gene=STRG.4 2242 [54909] TTCATTCATTT
STRG.4.1 gene=STRG.4 2247 [80916] TCATTTTCCTG
STRG.4.1 gene=STRG.4 2248 [80917] CATTTTCCTGC
STRG.4.1 gene=STRG.4 2250 [95214] TTTTCCTGCTG
STRG.4.1 gene=STRG.4 2311 [4319] CAAAAGTGGTG
STRG.4.1 gene=STRG.4 2373 [51143] TTCTGCTTTTG
STRG.4.1 gene=STRG.4 2583 [42396] TCTGCTGTCTA
STRG.4.1 gene=STRG.4 2622 [16106] TACACCAGAAG
STRG.4.1 gene=STRG.4 2627 [8313] CAGAAGGTACA
STRG.4.1 gene=STRG.4 2628 [8314] AGAAGGTACAT
STRG.4.1 gene=STRG.4 2629 [8315] GAAGGTACATT
STRG.4.1 gene=STRG.4 2630 [8316] AAGGTACATTA
STRG.4.1 gene=STRG.4 2660 [11800] AAAAGAAAACT
STRG.4.1 gene=STRG.4 2676 [70918, 95825] GCTGAATAATT
STRG.4.1 gene=STRG.4 2706 [60993] GGAAATTTTTT
STRG.4.1 gene=STRG.4 2715 [31616] TTCAACCAAAT
STRG.4.1 gene=STRG.4 2716 [31617] TCAACCAAATC
STRG.4.1 gene=STRG.4 2717 [31618] CAACCAAATCG
STRG.4.1 gene=STRG.4 2734 [13132] TCTTTAAATAG
STRG.4.1 gene=STRG.4 2763 [84170] ATTTTCGTGTG
STRG.4.1 gene=STRG.4 2775 [45448] AGACTCCAGCC
STRG.3.2 gene=STRG.3 52 [43049] CATACATACAT
STRG.3.2 gene=STRG.3 54 [43047] TACATACATAC
STRG.3.2 gene=STRG.3 55 [43048] ACATACATACA
STRG.3.2 gene=STRG.3 56 [43049] CATACATACAT
STRG.3.2 gene=STRG.3 70 [89144] TATGTATATAT
STRG.3.2 gene=STRG.3 122 [15127] ATTGCACCAAA
STRG.3.2 gene=STRG.3 245 [61141] CTCGGTTCGCG
STRG.3.2 gene=STRG.3 300 [59518] ATCGAACGAAG
STRG.3.2 gene=STRG.3 301 [59519] TCGAACGAAGT
STRG.3.2 gene=STRG.3 326 [1554] CATCAAGCGCC
STRG.3.2 gene=STRG.3 329 [72382] CAAGCGCCGTT
STRG.3.2 gene=STRG.3 342 [1219] GAACTGTTTCG
STRG.3.2 gene=STRG.3 352 [27401] GATTTCATTGC
STRG.3.2 gene=STRG.3 368 [34271] GCTTTGGTTGC
STRG.3.2 gene=STRG.3 369 [25715] CTTTGGTTGCG
STRG.3.2 gene=STRG.3 384 [21212] GTGTCAAAAAC
STRG.3.2 gene=STRG.3 409 [29365] ATCGGAAGGCA
STRG.3.2 gene=STRG.3 410 [29366] TCGGAAGGCAG
STRG.3.2 gene=STRG.3 430 [76079] TTGCAGCCATT
STRG.3.2 gene=STRG.3 466 [80637] ATATGGATGCC
STRG.3.2 gene=STRG.3 467 [80638] TATGGATGCCT
STRG.3.2 gene=STRG.3 534 [89615] CCCTTTCCTTC
STRG.3.2 gene=STRG.3 572 [8933] GGATGGAAATG
STRG.3.2 gene=STRG.3 614 [83112] TGCTGTGCCAA
STRG.3.2 gene=STRG.3 615 [83113] GCTGTGCCAAA
STRG.3.2 gene=STRG.3 616 [83114] CTGTGCCAAAA
STRG.3.2 gene=STRG.3 623 [81041] AAAATATTTTA
STRG.3.2 gene=STRG.3 721 [55742] TGGTTTATAAC
STRG.3.2 gene=STRG.3 776 [36877] ACAAAACTATA
STRG.3.2 gene=STRG.3 833 [91859] GTCCTCGGCAT
STRG.3.2 gene=STRG.3 834 [91860] TCCTCGGCATT
STRG.3.2 gene=STRG.3 835 [91861] CCTCGGCATTG
STRG.3.2 gene=STRG.3 836 [91862] CTCGGCATTGC
STRG.3.2 gene=STRG.3 837 [91863] TCGGCATTGCC
STRG.3.2 gene=STRG.3 870 [10970] GAGTTTTCCAT
STRG.3.2 gene=STRG.3 960 [65754] TATAGGGATGT
STRG.3.2 gene=STRG.3 1016 [25710] GCGAACTTTGG
STRG.3.2 gene=STRG.3 1017 [25711] CGAACTTTGGT
STRG.3.2 gene=STRG.3 1198 [62383] ACAATAGTTCG
STRG.3.2 gene=STRG.3 1303 [42996] TACTTCCCCAC
STRG.3.2 gene=STRG.3 1304 [42997] ACTTCCCCACT
STRG.3.2 gene=STRG.3 1305 [42998] CTTCCCCACTC
STRG.3.2 gene=STRG.3 1338 [51304] GGGCAGGACAT
STRG.3.2 gene=STRG.3 1365 [5779] ATTGCATTCCA
STRG.3.2 gene=STRG.3 1394 [54821] GAAAGCAAGCA
STRG.3.2 gene=STRG.3 1418 [22520] AAAGGCGGTGG
STRG.3.2 gene=STRG.3 1432 [67354] GTAGGAATGCC
STRG.3.2 gene=STRG.3 1443 [50812] TGGCTTAATGG
STRG.3.2 gene=STRG.3 1447 [93770] TTAATGGAGCT
STRG.3.2 gene=STRG.3 1579 [25247] ATTTTAAATAT
STRG.3.2 gene=STRG.3 1580 [11071] TTTTAAATATA
STRG.3.2 gene=STRG.3 1581 [11072] TTTAAATATAA
STRG.3.2 gene=STRG.3 1682 [12589] CAAAAATATGC
STRG.3.2 gene=STRG.3 1715 [34377] CTTTAGTGAGT
STRG.3.2 gene=STRG.3 1716 [34378] TTTAGTGAGTA
STRG.3.2 gene=STRG.3 1766 [12063] AATAAAAAAGT
STRG.3.2 gene=STRG.3 1767 [12064] ATAAAAAAGTG
STRG.3.2 gene=STRG.3 1768 [12065] TAAAAAAGTGA
STRG.3.2 gene=STRG.3 1796 [8852] ATACAATATTT
STRG.3.2 gene=STRG.3 1810 [31209] TTAATAAATAA
STRG.3.2 gene=STRG.3 1812 [63234] AATAAATAAAA
STRG.3.2 gene=STRG.3 1814 [77256] TAAATAAAATT
STRG.3.1 gene=STRG.3 26 [29365] ATCGGAAGGCA
STRG.3.1 gene=STRG.3 40 [53673] ATTGATTTTGC
STRG.3.1 gene=STRG.3 41 [53674] TTGATTTTGCA
STRG.3.1 gene=STRG.3 42 [53675] TGATTTTGCAG
STRG.3.1 gene=STRG.3 83 [80637] ATATGGATGCC
STRG.3.1 gene=STRG.3 84 [80638] TATGGATGCCT
STRG.3.1 gene=STRG.3 120 [95621] CAACAGTTTTC
STRG.3.1 gene=STRG.3 132 [38743] ACAGGTGGAGA
STRG.3.1 gene=STRG.3 133 [38744] CAGGTGGAGAG
STRG.3.1 gene=STRG.3 136 [60861] GTGGAGAGCAC
STRG.3.1 gene=STRG.3 157 [15333] CCTTTGGATTG
STRG.3.1 gene=STRG.3 176 [3005] ACATCGAGGTG
STRG.3.1 gene=STRG.3 189 [8933] GGATGGAAATG
STRG.3.1 gene=STRG.3 231 [83112] TGCTGTGCCAA
STRG.3.1 gene=STRG.3 232 [83113] GCTGTGCCAAA
STRG.3.1 gene=STRG.3 233 [83114] CTGTGCCAAAA
STRG.3.1 gene=STRG.3 240 [81041] AAAATATTTTA
STRG.3.1 gene=STRG.3 338 [55742] TGGTTTATAAC
STRG.3.1 gene=STRG.3 393 [36877] ACAAAACTATA
STRG.3.1 gene=STRG.3 450 [91859] GTCCTCGGCAT
STRG.3.1 gene=STRG.3 451 [91860] TCCTCGGCATT
STRG.3.1 gene=STRG.3 452 [91861] CCTCGGCATTG
STRG.3.1 gene=STRG.3 453 [91862] CTCGGCATTGC
STRG.3.1 gene=STRG.3 454 [91863] TCGGCATTGCC
STRG.3.1 gene=STRG.3 487 [10970] GAGTTTTCCAT
STRG.3.1 gene=STRG.3 577 [65754] TATAGGGATGT
STRG.3.1 gene=STRG.3 633 [25710] GCGAACTTTGG
STRG.3.1 gene=STRG.3 634 [25711] CGAACTTTGGT
STRG.3.1 gene=STRG.3 815 [62383] ACAATAGTTCG
STRG.3.1 gene=STRG.3 920 [42996] TACTTCCCCAC
STRG.3.1 gene=STRG.3 921 [42997] ACTTCCCCACT
STRG.3.1 gene=STRG.3 922 [42998] CTTCCCCACTC
STRG.3.1 gene=STRG.3 955 [51304] GGGCAGGACAT
STRG.3.1 gene=STRG.3 982 [5779] ATTGCATTCCA
STRG.3.1 gene=STRG.3 1011 [54821] GAAAGCAAGCA
STRG.3.1 gene=STRG.3 1035 [22520] AAAGGCGGTGG
STRG.3.1 gene=STRG.3 1049 [67354] GTAGGAATGCC
STRG.3.1 gene=STRG.3 1060 [50812] TGGCTTAATGG
STRG.3.1 gene=STRG.3 1064 [93770] TTAATGGAGCT
STRG.3.1 gene=STRG.3 1196 [25247] ATTTTAAATAT
STRG.3.1 gene=STRG.3 1197 [11071] TTTTAAATATA
STRG.3.1 gene=STRG.3 1198 [11072] TTTAAATATAA
STRG.3.1 gene=STRG.3 1299 [12589] CAAAAATATGC
STRG.3.1 gene=STRG.3 1332 [34377] CTTTAGTGAGT
STRG.3.1 gene=STRG.3 1333 [34378] TTTAGTGAGTA
STRG.3.1 gene=STRG.3 1383 [12063] AATAAAAAAGT
STRG.3.1 gene=STRG.3 1384 [12064] ATAAAAAAGTG
STRG.3.1 gene=STRG.3 1385 [12065] TAAAAAAGTGA
STRG.3.1 gene=STRG.3 1413 [8852] ATACAATATTT
STRG.3.1 gene=STRG.3 1427 [31209] TTAATAAATAA
STRG.3.1 gene=STRG.3 1429 [63234] AATAAATAAAA
STRG.3.1 gene=STRG.3 1431 [77256] TAAATAAAATT
STRG.3.3 gene=STRG.3 5 [51457] AGGGAGACAAT
STRG.3.3 gene=STRG.3 8 [57715] GAGACAATAAT
STRG.3.3 gene=STRG.3 9 [57716] AGACAATAATA
STRG.3.3 gene=STRG.3 10 [57717] GACAATAATAA
STRG.3.3 gene=STRG.3 40 [16302, 86550] CAAACCATTTT
STRG.3.3 gene=STRG.3 41 [86551] AAACCATTTTG
STRG.3.3 gene=STRG.3 42 [28988, 86552] AACCATTTTGT
STRG.3.3 gene=STRG.3 59 [62336] ACATTAAAATC
STRG.3.3 gene=STRG.3 64 [607] AAAATCCTTTG
STRG.3.3 gene=STRG.3 65 [608] AAATCCTTTGA
STRG.3.3 gene=STRG.3 66 [609] AATCCTTTGAG
STRG.3.3 gene=STRG.3 67 [610] ATCCTTTGAGC
STRG.3.3 gene=STRG.3 110 [73019] AATATATTCAT
STRG.3.3 gene=STRG.3 172 [84719] TAAGTTACAGT
STRG.3.3 gene=STRG.3 245 [24303] TAAAAACAAAT
STRG.3.3 gene=STRG.3 246 [65804] AAAAACAAATA
STRG.3.3 gene=STRG.3 264 [57845] ATAAGCGATTC
STRG.3.3 gene=STRG.3 265 [57846] TAAGCGATTCA
STRG.3.3 gene=STRG.3 322 [23605] TATTTAATTTT
STRG.3.3 gene=STRG.3 324 [85608] TTTAATTTTTT
STRG.3.3 gene=STRG.3 399 [83106] ATGATGTGCTG
STRG.3.3 gene=STRG.3 400 [83107] TGATGTGCTGT
STRG.3.3 gene=STRG.3 409 [55092] GTTGTCCCAAG
STRG.3.3 gene=STRG.3 467 [83112] TGCTGTGCCAA
STRG.3.3 gene=STRG.3 468 [83113] GCTGTGCCAAA
STRG.3.3 gene=STRG.3 469 [83114] CTGTGCCAAAA
STRG.3.3 gene=STRG.3 476 [81041] AAAATATTTTA
STRG.3.3 gene=STRG.3 574 [55742] TGGTTTATAAC
STRG.3.3 gene=STRG.3 629 [36877] ACAAAACTATA
STRG.3.3 gene=STRG.3 686 [91859] GTCCTCGGCAT
STRG.3.3 gene=STRG.3 687 [91860] TCCTCGGCATT
STRG.3.3 gene=STRG.3 688 [91861] CCTCGGCATTG
STRG.3.3 gene=STRG.3 689 [91862] CTCGGCATTGC
STRG.3.3 gene=STRG.3 690 [91863] TCGGCATTGCC
STRG.3.3 gene=STRG.3 723 [10970] GAGTTTTCCAT
STRG.3.3 gene=STRG.3 813 [65754] TATAGGGATGT
STRG.3.3 gene=STRG.3 869 [25710] GCGAACTTTGG
STRG.3.3 gene=STRG.3 870 [25711] CGAACTTTGGT
STRG.3.3 gene=STRG.3 1051 [62383] ACAATAGTTCG
STRG.3.3 gene=STRG.3 1156 [42996] TACTTCCCCAC
STRG.3.3 gene=STRG.3 1157 [42997] ACTTCCCCACT
STRG.3.3 gene=STRG.3 1158 [42998] CTTCCCCACTC
STRG.3.3 gene=STRG.3 1191 [51304] GGGCAGGACAT
STRG.3.3 gene=STRG.3 1218 [5779] ATTGCATTCCA
STRG.3.3 gene=STRG.3 1247 [54821] GAAAGCAAGCA
STRG.3.3 gene=STRG.3 1271 [22520] AAAGGCGGTGG
STRG.3.3 gene=STRG.3 1285 [67354] GTAGGAATGCC
STRG.3.3 gene=STRG.3 1296 [50812] TGGCTTAATGG
STRG.3.3 gene=STRG.3 1300 [93770] TTAATGGAGCT
STRG.3.3 gene=STRG.3 1432 [25247] ATTTTAAATAT
STRG.3.3 gene=STRG.3 1433 [11071] TTTTAAATATA
STRG.3.3 gene=STRG.3 1434 [11072] TTTAAATATAA
STRG.3.3 gene=STRG.3 1535 [12589] CAAAAATATGC
STRG.3.3 gene=STRG.3 1568 [34377] CTTTAGTGAGT
STRG.3.3 gene=STRG.3 1569 [34378] TTTAGTGAGTA
STRG.3.3 gene=STRG.3 1619 [12063] AATAAAAAAGT
STRG.3.3 gene=STRG.3 1620 [12064] ATAAAAAAGTG
STRG.3.3 gene=STRG.3 1621 [12065] TAAAAAAGTGA
STRG.3.3 gene=STRG.3 1649 [8852] ATACAATATTT
STRG.3.3 gene=STRG.3 1663 [31209] TTAATAAATAA
STRG.3.3 gene=STRG.3 1665 [63234] AATAAATAAAA
STRG.3.3 gene=STRG.3 1667 [77256] TAAATAAAATT
STRG.5.1 gene=STRG.5 23 [90065] CTGCAAGTAAA
STRG.5.1 gene=STRG.5 61 [63230] ATAAAATAAAT
STRG.5.1 gene=STRG.5 62 [63231] TAAAATAAATA
STRG.5.1 gene=STRG.5 63 [28075, 63232, 98616, 99271] AAAATAAATAA
STRG.5.1 gene=STRG.5 66 [62777] ATAAATAAGAA
STRG.5.1 gene=STRG.5 67 [62778, 91599] TAAATAAGAAA
STRG.5.1 gene=STRG.5 68 [91600] AAATAAGAAAA
STRG.5.1 gene=STRG.5 69 [91601] AATAAGAAAAG
STRG.5.1 gene=STRG.5 104 [34907] TTTCCCAAAAT
STRG.5.1 gene=STRG.5 105 [34908] TTCCCAAAATG
STRG.5.1 gene=STRG.5 141 [29187] AAAAAGTTTCC
STRG.5.1 gene=STRG.5 142 [29188] AAAAGTTTCCA
STRG.5.1 gene=STRG.5 159 [92675] CGGCTGCGGAT
STRG.5.1 gene=STRG.5 185 [780] TCTGGTTGCCA
STRG.5.1 gene=STRG.5 186 [781] CTGGTTGCCAT
STRG.5.1 gene=STRG.5 247 [95900] AGAGCCCCTTG
STRG.5.1 gene=STRG.5 248 [95901] GAGCCCCTTGA
STRG.5.1 gene=STRG.5 287 [37703] AACATCATCAA
STRG.5.1 gene=STRG.5 288 [37704] ACATCATCAAC
STRG.5.1 gene=STRG.5 346 [71001] TGTTAAAATCA
STRG.5.1 gene=STRG.5 364 [64229] AAAAATCAGAA
STRG.5.1 gene=STRG.5 476 [23145] GCACAGCGGCA
STRG.5.1 gene=STRG.5 512 [33661] GAGCGTATCGA
STRG.5.1 gene=STRG.5 608 [27881] AAAAGCGAGAG
STRG.5.1 gene=STRG.5 612 [30168] GCGAGAGCTGC
STRG.5.1 gene=STRG.5 788 [50713] TCCAATGAAGC
STRG.5.1 gene=STRG.5 855 [13701] CGGAGGAAAAC
STRG.5.1 gene=STRG.5 861 [16085] AAAACATTGAA
STRG.5.1 gene=STRG.5 883 [93118] CGCAGAGATTC
STRG.5.1 gene=STRG.5 946 [47464] TGAGCTGGAAG
STRG.5.1 gene=STRG.5 964 [64369, 66925] AATTTTTGCAT
STRG.5.1 gene=STRG.5 1001 [31226] CGGCAAAAAAT
STRG.5.1 gene=STRG.5 1002 [31227] GGCAAAAAATT
STRG.5.1 gene=STRG.5 1050 [83824] TTAAACGCATG
STRG.5.1 gene=STRG.5 1051 [83825] TAAACGCATGT
STRG.5.1 gene=STRG.5 1116 [79761] TCGAAATTTCA
STRG.5.1 gene=STRG.5 1120 [20317] AATTTCATATC
STRG.5.1 gene=STRG.5 1140 [8671] ATTTATTTCTC
STRG.5.1 gene=STRG.5 1141 [8672] TTTATTTCTCG
STRG.5.1 gene=STRG.5 1142 [8673] TTATTTCTCGT
STRG.5.1 gene=STRG.5 1338 [87297] ATAACTTTGAA
STRG.5.1 gene=STRG.5 1339 [87298] TAACTTTGAAA
STRG.5.1 gene=STRG.5 1379 [42880] TCCTTTGGAAA
STRG.5.1 gene=STRG.5 1395 [25830] GTGGCAGCAGC
STRG.5.1 gene=STRG.5 1424 [2130] TCCAATAGCTT
STRG.5.1 gene=STRG.5 1472 [67779] AGGCGAAAAGC
STRG.5.1 gene=STRG.5 1505 [52454] ACACGACGTGG
STRG.5.1 gene=STRG.5 1528 [37872] GAAGGAAAAGC
STRG.5.1 gene=STRG.5 1529 [37873] AAGGAAAAGCA
STRG.5.1 gene=STRG.5 1532 [98970] GAAAAGCACCG
STRG.5.1 gene=STRG.5 1543 [19503] ATCCTGGTCCC
STRG.5.1 gene=STRG.5 1544 [19504] TCCTGGTCCCC
STRG.5.1 gene=STRG.5 1545 [19505] CCTGGTCCCCA
STRG.5.1 gene=STRG.5 1559 [62434] GATTTTGCAAA
STRG.5.1 gene=STRG.5 1609 [94654] AAGCTTCTTTA
STRG.5.1 gene=STRG.5 1646 [59068] GAGGATTTGTA
STRG.5.1 gene=STRG.5 1704 [71088] ACAAATGCATA
STRG.5.1 gene=STRG.5 1759 [58799] CAAGAATGCAT
STRG.5.1 gene=STRG.5 1798 [35026] TCAAAGTGCAG
STRG.5.1 gene=STRG.5 1800 [58814] AAAGTGCAGAT
STRG.5.1 gene=STRG.5 1801 [58815] AAGTGCAGATA
STRG.5.1 gene=STRG.5 2001 [3978] CCATCTACGGC
STRG.5.1 gene=STRG.5 2018 [80898] TCTTGTCCCAA
STRG.5.1 gene=STRG.5 2019 [80899] CTTGTCCCAAA
STRG.5.1 gene=STRG.5 2026 [80846] CAAATTTTCTA
STRG.5.1 gene=STRG.5 2043 [48659] CATTTACAGCT
STRG.5.1 gene=STRG.5 2051 [79139] GCTGTCAATTA
STRG.5.1 gene=STRG.5 2052 [9506] CTGTCAATTAT
STRG.5.1 gene=STRG.5 2058 [34827] ATTATCATAAC
STRG.5.1 gene=STRG.5 2063 [40049] CATAACAAATG
STRG.5.1 gene=STRG.5 2089 [35302] TGAAATAAAAA
STRG.5.1 gene=STRG.5 2091 [16229] AAATAAAAATT
STRG.5.1 gene=STRG.5 2100 [166] TTGCGCTGCCT
STRG.5.1 gene=STRG.5 2104 [39087] GCTGCCTGCAT
STRG.5.1 gene=STRG.5 2146 [96032] CATTTACCATG
STRG.5.1 gene=STRG.5 2147 [96033] ATTTACCATGT
STRG.5.1 gene=STRG.5 2148 [96034] TTTACCATGTT
STRG.5.1 gene=STRG.5 2165 [61869] CAAAAGAAACC
STRG.5.1 gene=STRG.5 2231 [47468] CTGGAAGATGG
STRG.5.1 gene=STRG.5 2232 [47469] TGGAAGATGGA
STRG.5.1 gene=STRG.5 2249 [4205] AAGTTTGGGGA
STRG.5.1 gene=STRG.5 2290 [13789] GCCGGAAAATT
STRG.5.1 gene=STRG.5 2335 [14661] AATTAAATGGC
STRG.5.1 gene=STRG.5 2369 [44283] TCTATTAATGT
STRG.5.1 gene=STRG.5 2435 [29946] ATTTGCGAATA
STRG.5.1 gene=STRG.5 2455 [87153] TCGAAATATAC
STRG.5.1 gene=STRG.5 2487 [25440] ATATAGAAACA
STRG.5.1 gene=STRG.5 2526 [49183] AATATGCAAAT
STRG.5.1 gene=STRG.5 2537 [5906] CGTGAGCCATT
STRG.5.1 gene=STRG.5 2610 [7598] TTGGTGGACAA
STRG.5.1 gene=STRG.5 2736 [41370] ATGTGCACTTT
STRG.5.1 gene=STRG.5 2771 [98756] CAAAGCAAACA
STRG.5.1 gene=STRG.5 2772 [25986, 39122] AAAGCAAACAG
STRG.5.1 gene=STRG.5 2773 [25987, 39123] AAGCAAACAGC
STRG.5.1 gene=STRG.5 2790 [67719] CATGCAGTCGC
STRG.5.1 gene=STRG.5 2791 [67720] ATGCAGTCGCA
STRG.5.1 gene=STRG.5 2798 [24088] CGCAGCACAAC
STRG.5.1 gene=STRG.5 2857 [4482] AGCAAGTGGCC
STRG.5.1 gene=STRG.5 2898 [43161] ATGTCCTTCAC
STRG.5.1 gene=STRG.5 2899 [43162] TGTCCTTCACT
STRG.5.1 gene=STRG.5 2900 [43163] GTCCTTCACTC
STRG.5.1 gene=STRG.5 2907 [85945] ACTCGATGGCT
STRG.5.1 gene=STRG.5 2976 [36131] CAAGTGGAAAG
STRG.5.1 gene=STRG.5 2977 [36132] AAGTGGAAAGG
STRG.5.1 gene=STRG.5 2978 [36133] AGTGGAAAGGC
STRG.5.1 gene=STRG.5 2979 [36134] GTGGAAAGGCA
STRG.5.1 gene=STRG.5 3013 [13476] GTGGTTTTTAT
STRG.5.1 gene=STRG.5 3014 [13477, 20880] TGGTTTTTATT
STRG.5.1 gene=STRG.5 3015 [13478, 20881] GGTTTTTATTT
STRG.5.1 gene=STRG.5 3016 [20882] GTTTTTATTTG
STRG.5.1 gene=STRG.5 3068 [21877] AATACTTTAAA
STRG.5.1 gene=STRG.5 3103 [93734] ACATCAGTTTA
STRG.5.1 gene=STRG.5 3107 [31652] CAGTTTAATGA
STRG.5.1 gene=STRG.5 3108 [31653] AGTTTAATGAT
STRG.5.1 gene=STRG.5 3201 [29917] ATGCAAGTTTA
STRG.5.1 gene=STRG.5 3202 [29918] TGCAAGTTTAG
STRG.5.1 gene=STRG.5 3303 [31239] ATGCTTCAATA
STRG.5.1 gene=STRG.5 3336 [68409] TAGACTTTTTG
STRG.5.1 gene=STRG.5 3405 [67330] ACACAATGGTA
STRG.5.1 gene=STRG.5 3515 [93224] TTCCTCCAGCA
STRG.5.1 gene=STRG.5 3528 [68186] ATTTTCTAGTC
STRG.5.1 gene=STRG.5 3578 [51888] CCAAACCCCCA
STRG.5.1 gene=STRG.5 3579 [51889] CAAACCCCCAA
STRG.5.1 gene=STRG.5 3580 [51890] AAACCCCCAAT
STRG.5.1 gene=STRG.5 3596 [96525] GGAAAAGCAAT
STRG.5.1 gene=STRG.5 3597 [96526] GAAAAGCAATA
STRG.5.1 gene=STRG.5 3598 [67738] AAAAGCAATAA
STRG.5.1 gene=STRG.5 3611 [72540] TGTATTCGCAA
STRG.5.1 gene=STRG.5 3612 [72541] GTATTCGCAAC
STRG.5.1 gene=STRG.5 3616 [63891] TCGCAACCTGA
STRG.5.1 gene=STRG.5 3760 [51360] TCGTCTGCAGC
STRG.5.1 gene=STRG.5 3761 [51361] CGTCTGCAGCA
STRG.5.1 gene=STRG.5 3774 [48109] TCGGTCAACTT
STRG.5.1 gene=STRG.5 3838 [38690] AGTGGCATTTG
STRG.5.1 gene=STRG.5 3892 [24303] TAAAAACAAAT
STRG.5.1 gene=STRG.5 3893 [24304] AAAAACAAATT
STRG.5.1 gene=STRG.5 3896 [13684, 24584] AACAAATTGCC
STRG.5.1 gene=STRG.5 3945 [35864] TTCTGTGGGTG
STRG.5.1 gene=STRG.5 3957 [79332] TAAAAAACTTG
STRG.5.1 gene=STRG.5 3960 [84849] AAAACTTGGAG
STRG.5.1 gene=STRG.5 3961 [84850] AAACTTGGAGC
STRG.5.1 gene=STRG.5 3984 [19596] ATCGCTGGCTT
STRG.5.1 gene=STRG.5 4106 [98253] ACACAAAGTTT
STRG.5.1 gene=STRG.5 4107 [73467] CACAAAGTTTT
STRG.5.1 gene=STRG.5 4138 [45868] TGTTAAGGAAA
STRG.5.1 gene=STRG.5 4171 [25353] CACAAATTCAG
STRG.5.1 gene=STRG.5 4172 [25354] ACAAATTCAGC
STRG.5.1 gene=STRG.5 4191 [97331] ATTTAATAAAT
STRG.5.1 gene=STRG.5 4223 [63852] ACAGAAAAATT
STRG.5.1 gene=STRG.5 4281 [73765] CTGTGGGAAAA
STRG.5.1 gene=STRG.5 4333 [48346] TTTGGCAACTG
STRG.5.1 gene=STRG.5 4336 [23894] GGCAACTGAAG
STRG.5.1 gene=STRG.5 4344 [48534] AAGTTGCACTT
STRG.5.1 gene=STRG.5 4345 [48535] AGTTGCACTTG
STRG.5.1 gene=STRG.5 4348 [32718] TGCACTTGTAC
STRG.5.1 gene=STRG.5 4376 [33154] ATAATTGTTCA
STRG.5.1 gene=STRG.5 4387 [36758] TGCTGCTGCCA
STRG.5.1 gene=STRG.5 4468 [57504] TTTGGCCCTGC
STRG.5.1 gene=STRG.5 4473 [76478] CCCTGCAAAAC
STRG.5.1 gene=STRG.5 4474 [11055] CCTGCAAAACT
STRG.5.1 gene=STRG.5 4476 [71283] TGCAAAACTTG
STRG.5.1 gene=STRG.5 4478 [49286] CAAAACTTGTT
STRG.5.1 gene=STRG.5 4522 [18961] AAACTTATTAT
STRG.5.1 gene=STRG.5 4528 [20556] ATTATTTGATG
STRG.5.1 gene=STRG.5 4529 [20557] TTATTTGATGA
STRG.5.1 gene=STRG.5 4550 [97766] ATATGTGCGGA
STRG.5.1 gene=STRG.5 4558 [55971] GGATTTGTGTC
STRG.5.1 gene=STRG.5 4572 [62539] TTTTACTGAAA
STRG.5.1 gene=STRG.5 4608 [66631] TACGATCACAG
STRG.5.1 gene=STRG.5 4619 [8389] GCAGCTGCATC
STRG.5.1 gene=STRG.5 4719 [26030] TTGGAACAAGT
STRG.5.1 gene=STRG.5 4769 [90207] ACCGTCCTGGT
STRG.5.1 gene=STRG.5 4836 [44916] ATTTGCTTTTT
STRG.5.1 gene=STRG.5 4895 [46493] GAAGACCCAGA
STRG.5.1 gene=STRG.5 4917 [63283] ACCTCATGAAT
STRG.5.1 gene=STRG.5 4941 [45764] GATACCAAAAT
STRG.5.1 gene=STRG.5 4972 [78546] TTGGTTGGAAA
STRG.5.1 gene=STRG.5 4973 [78547] TGGTTGGAAAA
STRG.5.1 gene=STRG.5 4974 [78548] GGTTGGAAAAT
STRG.5.1 gene=STRG.5 5021 [72069, 77757] GAAGCAGCCAT
STRG.5.1 gene=STRG.5 5022 [72070] AAGCAGCCATG
STRG.5.1 gene=STRG.5 5023 [72071] AGCAGCCATGT
STRG.5.1 gene=STRG.5 5024 [72072] GCAGCCATGTG
STRG.5.1 gene=STRG.5 5025 [72073] CAGCCATGTGT
STRG.5.1 gene=STRG.5 5029 [34174] CATGTGTTATG
STRG.5.1 gene=STRG.5 5036 [35635] TATGTACATGC
STRG.5.1 gene=STRG.5 5088 [54992] AAAAACATTTG
STRG.5.1 gene=STRG.5 5089 [54993] AAAACATTTGC
STRG.5.1 gene=STRG.5 5132 [6027] CCCAACACACT
STRG.5.1 gene=STRG.5 5162 [83105] GATGATGTGCT
STRG.5.1 gene=STRG.5 5199 [94579] TAGGAAATCAT
STRG.5.1 gene=STRG.5 5200 [55658] AGGAAATCATT
STRG.5.1 gene=STRG.5 5201 [55659] GGAAATCATTT
STRG.5.1 gene=STRG.5 5213 [26557] ACTGAAACTGG
STRG.5.1 gene=STRG.5 5276 [59359] TATGAAGCAAT
STRG.5.1 gene=STRG.5 5287 [59521] GAACGAAGTGT
STRG.5.1 gene=STRG.5 5333 [65005] GATTTTCAAAA
STRG.5.1 gene=STRG.5 5363 [68599] AAATTGCAGGA
STRG.5.1 gene=STRG.5 5364 [68600] AATTGCAGGAG
STRG.5.1 gene=STRG.5 5365 [68601] ATTGCAGGAGG
STRG.5.1 gene=STRG.5 5368 [76502] GCAGGAGGCAT
STRG.5.1 gene=STRG.5 5371 [44895] GGAGGCATTTA
STRG.5.1 gene=STRG.5 5379 [78272] TTAATCGAATA
STRG.5.1 gene=STRG.5 5396 [47518] CTACAGGGTAA
STRG.5.1 gene=STRG.5 5436 [18622] GCTTCTATGGC
STRG.5.1 gene=STRG.5 5491 [82216] GCCAACATTGA
STRG.5.1 gene=STRG.5 5655 [54950] ACTTTGAAACA
STRG.5.1 gene=STRG.5 5699 [72497] CGGAATTTCAA
STRG.5.1 gene=STRG.5 5700 [62371, 72498] GGAATTTCAAT
STRG.5.1 gene=STRG.5 5701 [72499] GAATTTCAATA
